[2022-04-12 14:39:19] local.ERROR: Please provide a valid cache path. {"exception":"[object] (InvalidArgumentException(code: 0): Please provide a valid cache path. at /Users/kageyama/Desktop/bite/portfolio/vendor/laravel/framework/src/Illuminate/View/Compilers/Compiler.php:45)
[stacktrace]
#0 /Users/kageyama/Desktop/bite/portfolio/vendor/laravel/framework/src/Illuminate/View/ViewServiceProvider.php(91): Illuminate\\View\\Compilers\\Compiler->__construct(Object(Illuminate\\Filesystem\\Filesystem), false, '')
#1 /Users/kageyama/Desktop/bite/portfolio/vendor/laravel/framework/src/Illuminate/Container/Container.php(873): Illuminate\\View\\ViewServiceProvider->Illuminate\\View\\{closure}(Object(Illuminate\\Foundation\\Application), Array)
#2 /Users/kageyama/Desktop/bite/portfolio/vendor/laravel/framework/src/Illuminate/Container/Container.php(758): Illuminate\\Container\\Container->build(Object(Closure))
#3 /Users/kageyama/Desktop/bite/portfolio/vendor/laravel/framework/src/Illuminate/Foundation/Application.php(855): Illuminate\\Container\\Container->resolve('blade.compiler', Array, true)
#4 /Users/kageyama/Desktop/bite/portfolio/vendor/laravel/framework/src/Illuminate/Container/Container.php(694): Illuminate\\Foundation\\Application->resolve('blade.compiler', Array)
#5 /Users/kageyama/Desktop/bite/portfolio/vendor/laravel/framework/src/Illuminate/Foundation/Application.php(840): Illuminate\\Container\\Container->make('blade.compiler', Array)
#6 /Users/kageyama/Desktop/bite/portfolio/vendor/laravel/framework/src/Illuminate/Container/Container.php(1417): Illuminate\\Foundation\\Application->make('blade.compiler')
#7 /Users/kageyama/Desktop/bite/portfolio/vendor/laravel/framework/src/Illuminate/View/ViewServiceProvider.php(154): Illuminate\\Container\\Container->offsetGet('blade.compiler')
#8 [internal function]: Illuminate\\View\\ViewServiceProvider->Illuminate\\View\\{closure}()
#9 /Users/kageyama/Desktop/bite/portfolio/vendor/laravel/framework/src/Illuminate/View/Engines/EngineResolver.php(55): call_user_func(Object(Closure))
#10 /Users/kageyama/Desktop/bite/portfolio/vendor/laravel/framework/src/Illuminate/View/Factory.php(309): Illuminate\\View\\Engines\\EngineResolver->resolve('blade')
#11 /Users/kageyama/Desktop/bite/portfolio/vendor/laravel/framework/src/Illuminate/View/Factory.php(273): Illuminate\\View\\Factory->getEngineFromPath('/Users/kageyama...')
#12 /Users/kageyama/Desktop/bite/portfolio/vendor/laravel/framework/src/Illuminate/View/Factory.php(145): Illuminate\\View\\Factory->viewInstance('errors::404', '/Users/kageyama...', Array)
#13 /Users/kageyama/Desktop/bite/portfolio/vendor/laravel/framework/src/Illuminate/Routing/ResponseFactory.php(87): Illuminate\\View\\Factory->make('errors::404', Array)
#14 /Users/kageyama/Desktop/bite/portfolio/vendor/laravel/framework/src/Illuminate/Foundation/Exceptions/Handler.php(590): Illuminate\\Routing\\ResponseFactory->view('errors::404', Array, 404, Array)
#15 /Users/kageyama/Desktop/bite/portfolio/vendor/laravel/framework/src/Illuminate/Foundation/Exceptions/Handler.php(515): Illuminate\\Foundation\\Exceptions\\Handler->renderHttpException(Object(Symfony\\Component\\HttpKernel\\Exception\\NotFoundHttpException))
#16 /Users/kageyama/Desktop/bite/portfolio/vendor/laravel/framework/src/Illuminate/Foundation/Exceptions/Handler.php(421): Illuminate\\Foundation\\Exceptions\\Handler->prepareResponse(Object(Illuminate\\Http\\Request), Object(Symfony\\Component\\HttpKernel\\Exception\\NotFoundHttpException))
#17 /Users/kageyama/Desktop/bite/portfolio/vendor/laravel/framework/src/Illuminate/Foundation/Exceptions/Handler.php(341): Illuminate\\Foundation\\Exceptions\\Handler->renderExceptionResponse(Object(Illuminate\\Http\\Request), Object(Symfony\\Component\\HttpKernel\\Exception\\NotFoundHttpException))
#18 /Users/kageyama/Desktop/bite/portfolio/vendor/laravel/framework/src/Illuminate/Routing/Pipeline.php(51): Illuminate\\Foundation\\Exceptions\\Handler->render(Object(Illuminate\\Http\\Request), Object(Symfony\\Component\\HttpKernel\\Exception\\NotFoundHttpException))
#19 /Users/kageyama/Desktop/bite/portfolio/vendor/laravel/framework/src/Illuminate/Pipeline/Pipeline.php(143): Illuminate\\Routing\\Pipeline->handleException(Object(Illuminate\\Http\\Request), Object(Symfony\\Component\\HttpKernel\\Exception\\NotFoundHttpException))
#20 /Users/kageyama/Desktop/bite/portfolio/vendor/laravel/framework/src/Illuminate/Foundation/Http/Middleware/TransformsRequest.php(21): Illuminate\\Pipeline\\Pipeline->Illuminate\\Pipeline\\{closure}(Object(Illuminate\\Http\\Request))
#21 /Users/kageyama/Desktop/bite/portfolio/vendor/laravel/framework/src/Illuminate/Foundation/Http/Middleware/ConvertEmptyStringsToNull.php(31): Illuminate\\Foundation\\Http\\Middleware\\TransformsRequest->handle(Object(Illuminate\\Http\\Request), Object(Closure))
#22 /Users/kageyama/Desktop/bite/portfolio/vendor/laravel/framework/src/Illuminate/Pipeline/Pipeline.php(180): Illuminate\\Foundation\\Http\\Middleware\\ConvertEmptyStringsToNull->handle(Object(Illuminate\\Http\\Request), Object(Closure))
#23 /Users/kageyama/Desktop/bite/portfolio/vendor/laravel/framework/src/Illuminate/Foundation/Http/Middleware/TransformsRequest.php(21): Illuminate\\Pipeline\\Pipeline->Illuminate\\Pipeline\\{closure}(Object(Illuminate\\Http\\Request))
#24 /Users/kageyama/Desktop/bite/portfolio/vendor/laravel/framework/src/Illuminate/Foundation/Http/Middleware/TrimStrings.php(40): Illuminate\\Foundation\\Http\\Middleware\\TransformsRequest->handle(Object(Illuminate\\Http\\Request), Object(Closure))
#25 /Users/kageyama/Desktop/bite/portfolio/vendor/laravel/framework/src/Illuminate/Pipeline/Pipeline.php(180): Illuminate\\Foundation\\Http\\Middleware\\TrimStrings->handle(Object(Illuminate\\Http\\Request), Object(Closure))
#26 /Users/kageyama/Desktop/bite/portfolio/vendor/laravel/framework/src/Illuminate/Foundation/Http/Middleware/ValidatePostSize.php(27): Illuminate\\Pipeline\\Pipeline->Illuminate\\Pipeline\\{closure}(Object(Illuminate\\Http\\Request))
#27 /Users/kageyama/Desktop/bite/portfolio/vendor/laravel/framework/src/Illuminate/Pipeline/Pipeline.php(180): Illuminate\\Foundation\\Http\\Middleware\\ValidatePostSize->handle(Object(Illuminate\\Http\\Request), Object(Closure))
#28 /Users/kageyama/Desktop/bite/portfolio/vendor/laravel/framework/src/Illuminate/Foundation/Http/Middleware/PreventRequestsDuringMaintenance.php(86): Illuminate\\Pipeline\\Pipeline->Illuminate\\Pipeline\\{closure}(Object(Illuminate\\Http\\Request))
#29 /Users/kageyama/Desktop/bite/portfolio/vendor/laravel/framework/src/Illuminate/Pipeline/Pipeline.php(180): Illuminate\\Foundation\\Http\\Middleware\\PreventRequestsDuringMaintenance->handle(Object(Illuminate\\Http\\Request), Object(Closure))
#30 /Users/kageyama/Desktop/bite/portfolio/vendor/laravel/framework/src/Illuminate/Http/Middleware/HandleCors.php(49): Illuminate\\Pipeline\\Pipeline->Illuminate\\Pipeline\\{closure}(Object(Illuminate\\Http\\Request))
#31 /Users/kageyama/Desktop/bite/portfolio/vendor/laravel/framework/src/Illuminate/Pipeline/Pipeline.php(180): Illuminate\\Http\\Middleware\\HandleCors->handle(Object(Illuminate\\Http\\Request), Object(Closure))
#32 /Users/kageyama/Desktop/bite/portfolio/vendor/laravel/framework/src/Illuminate/Http/Middleware/TrustProxies.php(39): Illuminate\\Pipeline\\Pipeline->Illuminate\\Pipeline\\{closure}(Object(Illuminate\\Http\\Request))
#33 /Users/kageyama/Desktop/bite/portfolio/vendor/laravel/framework/src/Illuminate/Pipeline/Pipeline.php(180): Illuminate\\Http\\Middleware\\TrustProxies->handle(Object(Illuminate\\Http\\Request), Object(Closure))
#34 /Users/kageyama/Desktop/bite/portfolio/vendor/laravel/framework/src/Illuminate/Pipeline/Pipeline.php(116): Illuminate\\Pipeline\\Pipeline->Illuminate\\Pipeline\\{closure}(Object(Illuminate\\Http\\Request))
#35 /Users/kageyama/Desktop/bite/portfolio/vendor/laravel/framework/src/Illuminate/Foundation/Http/Kernel.php(142): Illuminate\\Pipeline\\Pipeline->then(Object(Closure))
#36 /Users/kageyama/Desktop/bite/portfolio/vendor/laravel/framework/src/Illuminate/Foundation/Http/Kernel.php(111): Illuminate\\Foundation\\Http\\Kernel->sendRequestThroughRouter(Object(Illuminate\\Http\\Request))
#37 /Users/kageyama/Desktop/bite/portfolio/public/index.php(52): Illuminate\\Foundation\\Http\\Kernel->handle(Object(Illuminate\\Http\\Request))
#38 /Users/kageyama/Desktop/bite/portfolio/vendor/laravel/framework/src/Illuminate/Foundation/resources/server.php(16): require_once('/Users/kageyama...')
#39 {main}
"} 
[2022-04-12 14:39:22] local.ERROR: Please provide a valid cache path. {"exception":"[object] (InvalidArgumentException(code: 0): Please provide a valid cache path. at /Users/kageyama/Desktop/bite/portfolio/vendor/laravel/framework/src/Illuminate/View/Compilers/Compiler.php:45)
[stacktrace]
#0 /Users/kageyama/Desktop/bite/portfolio/vendor/laravel/framework/src/Illuminate/View/ViewServiceProvider.php(91): Illuminate\\View\\Compilers\\Compiler->__construct(Object(Illuminate\\Filesystem\\Filesystem), false, '')
#1 /Users/kageyama/Desktop/bite/portfolio/vendor/laravel/framework/src/Illuminate/Container/Container.php(873): Illuminate\\View\\ViewServiceProvider->Illuminate\\View\\{closure}(Object(Illuminate\\Foundation\\Application), Array)
#2 /Users/kageyama/Desktop/bite/portfolio/vendor/laravel/framework/src/Illuminate/Container/Container.php(758): Illuminate\\Container\\Container->build(Object(Closure))
#3 /Users/kageyama/Desktop/bite/portfolio/vendor/laravel/framework/src/Illuminate/Foundation/Application.php(855): Illuminate\\Container\\Container->resolve('blade.compiler', Array, true)
#4 /Users/kageyama/Desktop/bite/portfolio/vendor/laravel/framework/src/Illuminate/Container/Container.php(694): Illuminate\\Foundation\\Application->resolve('blade.compiler', Array)
#5 /Users/kageyama/Desktop/bite/portfolio/vendor/laravel/framework/src/Illuminate/Foundation/Application.php(840): Illuminate\\Container\\Container->make('blade.compiler', Array)
#6 /Users/kageyama/Desktop/bite/portfolio/vendor/laravel/framework/src/Illuminate/Container/Container.php(1417): Illuminate\\Foundation\\Application->make('blade.compiler')
#7 /Users/kageyama/Desktop/bite/portfolio/vendor/laravel/framework/src/Illuminate/View/ViewServiceProvider.php(154): Illuminate\\Container\\Container->offsetGet('blade.compiler')
#8 [internal function]: Illuminate\\View\\ViewServiceProvider->Illuminate\\View\\{closure}()
#9 /Users/kageyama/Desktop/bite/portfolio/vendor/laravel/framework/src/Illuminate/View/Engines/EngineResolver.php(55): call_user_func(Object(Closure))
#10 /Users/kageyama/Desktop/bite/portfolio/vendor/laravel/framework/src/Illuminate/View/Factory.php(309): Illuminate\\View\\Engines\\EngineResolver->resolve('blade')
#11 /Users/kageyama/Desktop/bite/portfolio/vendor/laravel/framework/src/Illuminate/View/Factory.php(273): Illuminate\\View\\Factory->getEngineFromPath('/Users/kageyama...')
#12 /Users/kageyama/Desktop/bite/portfolio/vendor/laravel/framework/src/Illuminate/View/Factory.php(145): Illuminate\\View\\Factory->viewInstance('errors::404', '/Users/kageyama...', Array)
#13 /Users/kageyama/Desktop/bite/portfolio/vendor/laravel/framework/src/Illuminate/Routing/ResponseFactory.php(87): Illuminate\\View\\Factory->make('errors::404', Array)
#14 /Users/kageyama/Desktop/bite/portfolio/vendor/laravel/framework/src/Illuminate/Foundation/Exceptions/Handler.php(590): Illuminate\\Routing\\ResponseFactory->view('errors::404', Array, 404, Array)
#15 /Users/kageyama/Desktop/bite/portfolio/vendor/laravel/framework/src/Illuminate/Foundation/Exceptions/Handler.php(515): Illuminate\\Foundation\\Exceptions\\Handler->renderHttpException(Object(Symfony\\Component\\HttpKernel\\Exception\\NotFoundHttpException))
#16 /Users/kageyama/Desktop/bite/portfolio/vendor/laravel/framework/src/Illuminate/Foundation/Exceptions/Handler.php(421): Illuminate\\Foundation\\Exceptions\\Handler->prepareResponse(Object(Illuminate\\Http\\Request), Object(Symfony\\Component\\HttpKernel\\Exception\\NotFoundHttpException))
#17 /Users/kageyama/Desktop/bite/portfolio/vendor/laravel/framework/src/Illuminate/Foundation/Exceptions/Handler.php(341): Illuminate\\Foundation\\Exceptions\\Handler->renderExceptionResponse(Object(Illuminate\\Http\\Request), Object(Symfony\\Component\\HttpKernel\\Exception\\NotFoundHttpException))
#18 /Users/kageyama/Desktop/bite/portfolio/vendor/laravel/framework/src/Illuminate/Routing/Pipeline.php(51): Illuminate\\Foundation\\Exceptions\\Handler->render(Object(Illuminate\\Http\\Request), Object(Symfony\\Component\\HttpKernel\\Exception\\NotFoundHttpException))
#19 /Users/kageyama/Desktop/bite/portfolio/vendor/laravel/framework/src/Illuminate/Pipeline/Pipeline.php(143): Illuminate\\Routing\\Pipeline->handleException(Object(Illuminate\\Http\\Request), Object(Symfony\\Component\\HttpKernel\\Exception\\NotFoundHttpException))
#20 /Users/kageyama/Desktop/bite/portfolio/vendor/laravel/framework/src/Illuminate/Foundation/Http/Middleware/TransformsRequest.php(21): Illuminate\\Pipeline\\Pipeline->Illuminate\\Pipeline\\{closure}(Object(Illuminate\\Http\\Request))
#21 /Users/kageyama/Desktop/bite/portfolio/vendor/laravel/framework/src/Illuminate/Foundation/Http/Middleware/ConvertEmptyStringsToNull.php(31): Illuminate\\Foundation\\Http\\Middleware\\TransformsRequest->handle(Object(Illuminate\\Http\\Request), Object(Closure))
#22 /Users/kageyama/Desktop/bite/portfolio/vendor/laravel/framework/src/Illuminate/Pipeline/Pipeline.php(180): Illuminate\\Foundation\\Http\\Middleware\\ConvertEmptyStringsToNull->handle(Object(Illuminate\\Http\\Request), Object(Closure))
#23 /Users/kageyama/Desktop/bite/portfolio/vendor/laravel/framework/src/Illuminate/Foundation/Http/Middleware/TransformsRequest.php(21): Illuminate\\Pipeline\\Pipeline->Illuminate\\Pipeline\\{closure}(Object(Illuminate\\Http\\Request))
#24 /Users/kageyama/Desktop/bite/portfolio/vendor/laravel/framework/src/Illuminate/Foundation/Http/Middleware/TrimStrings.php(40): Illuminate\\Foundation\\Http\\Middleware\\TransformsRequest->handle(Object(Illuminate\\Http\\Request), Object(Closure))
#25 /Users/kageyama/Desktop/bite/portfolio/vendor/laravel/framework/src/Illuminate/Pipeline/Pipeline.php(180): Illuminate\\Foundation\\Http\\Middleware\\TrimStrings->handle(Object(Illuminate\\Http\\Request), Object(Closure))
#26 /Users/kageyama/Desktop/bite/portfolio/vendor/laravel/framework/src/Illuminate/Foundation/Http/Middleware/ValidatePostSize.php(27): Illuminate\\Pipeline\\Pipeline->Illuminate\\Pipeline\\{closure}(Object(Illuminate\\Http\\Request))
#27 /Users/kageyama/Desktop/bite/portfolio/vendor/laravel/framework/src/Illuminate/Pipeline/Pipeline.php(180): Illuminate\\Foundation\\Http\\Middleware\\ValidatePostSize->handle(Object(Illuminate\\Http\\Request), Object(Closure))
#28 /Users/kageyama/Desktop/bite/portfolio/vendor/laravel/framework/src/Illuminate/Foundation/Http/Middleware/PreventRequestsDuringMaintenance.php(86): Illuminate\\Pipeline\\Pipeline->Illuminate\\Pipeline\\{closure}(Object(Illuminate\\Http\\Request))
#29 /Users/kageyama/Desktop/bite/portfolio/vendor/laravel/framework/src/Illuminate/Pipeline/Pipeline.php(180): Illuminate\\Foundation\\Http\\Middleware\\PreventRequestsDuringMaintenance->handle(Object(Illuminate\\Http\\Request), Object(Closure))
#30 /Users/kageyama/Desktop/bite/portfolio/vendor/laravel/framework/src/Illuminate/Http/Middleware/HandleCors.php(49): Illuminate\\Pipeline\\Pipeline->Illuminate\\Pipeline\\{closure}(Object(Illuminate\\Http\\Request))
#31 /Users/kageyama/Desktop/bite/portfolio/vendor/laravel/framework/src/Illuminate/Pipeline/Pipeline.php(180): Illuminate\\Http\\Middleware\\HandleCors->handle(Object(Illuminate\\Http\\Request), Object(Closure))
#32 /Users/kageyama/Desktop/bite/portfolio/vendor/laravel/framework/src/Illuminate/Http/Middleware/TrustProxies.php(39): Illuminate\\Pipeline\\Pipeline->Illuminate\\Pipeline\\{closure}(Object(Illuminate\\Http\\Request))
#33 /Users/kageyama/Desktop/bite/portfolio/vendor/laravel/framework/src/Illuminate/Pipeline/Pipeline.php(180): Illuminate\\Http\\Middleware\\TrustProxies->handle(Object(Illuminate\\Http\\Request), Object(Closure))
#34 /Users/kageyama/Desktop/bite/portfolio/vendor/laravel/framework/src/Illuminate/Pipeline/Pipeline.php(116): Illuminate\\Pipeline\\Pipeline->Illuminate\\Pipeline\\{closure}(Object(Illuminate\\Http\\Request))
#35 /Users/kageyama/Desktop/bite/portfolio/vendor/laravel/framework/src/Illuminate/Foundation/Http/Kernel.php(142): Illuminate\\Pipeline\\Pipeline->then(Object(Closure))
#36 /Users/kageyama/Desktop/bite/portfolio/vendor/laravel/framework/src/Illuminate/Foundation/Http/Kernel.php(111): Illuminate\\Foundation\\Http\\Kernel->sendRequestThroughRouter(Object(Illuminate\\Http\\Request))
#37 /Users/kageyama/Desktop/bite/portfolio/public/index.php(52): Illuminate\\Foundation\\Http\\Kernel->handle(Object(Illuminate\\Http\\Request))
#38 /Users/kageyama/Desktop/bite/portfolio/vendor/laravel/framework/src/Illuminate/Foundation/resources/server.php(16): require_once('/Users/kageyama...')
#39 {main}
"} 
[2022-04-12 14:39:30] local.ERROR: Please provide a valid cache path. {"exception":"[object] (InvalidArgumentException(code: 0): Please provide a valid cache path. at /Users/kageyama/Desktop/bite/portfolio/vendor/laravel/framework/src/Illuminate/View/Compilers/Compiler.php:45)
[stacktrace]
#0 /Users/kageyama/Desktop/bite/portfolio/vendor/laravel/framework/src/Illuminate/View/ViewServiceProvider.php(91): Illuminate\\View\\Compilers\\Compiler->__construct(Object(Illuminate\\Filesystem\\Filesystem), false, '')
#1 /Users/kageyama/Desktop/bite/portfolio/vendor/laravel/framework/src/Illuminate/Container/Container.php(873): Illuminate\\View\\ViewServiceProvider->Illuminate\\View\\{closure}(Object(Illuminate\\Foundation\\Application), Array)
#2 /Users/kageyama/Desktop/bite/portfolio/vendor/laravel/framework/src/Illuminate/Container/Container.php(758): Illuminate\\Container\\Container->build(Object(Closure))
#3 /Users/kageyama/Desktop/bite/portfolio/vendor/laravel/framework/src/Illuminate/Foundation/Application.php(855): Illuminate\\Container\\Container->resolve('blade.compiler', Array, true)
#4 /Users/kageyama/Desktop/bite/portfolio/vendor/laravel/framework/src/Illuminate/Container/Container.php(694): Illuminate\\Foundation\\Application->resolve('blade.compiler', Array)
#5 /Users/kageyama/Desktop/bite/portfolio/vendor/laravel/framework/src/Illuminate/Foundation/Application.php(840): Illuminate\\Container\\Container->make('blade.compiler', Array)
#6 /Users/kageyama/Desktop/bite/portfolio/vendor/laravel/framework/src/Illuminate/Container/Container.php(1417): Illuminate\\Foundation\\Application->make('blade.compiler')
#7 /Users/kageyama/Desktop/bite/portfolio/vendor/laravel/framework/src/Illuminate/View/ViewServiceProvider.php(154): Illuminate\\Container\\Container->offsetGet('blade.compiler')
#8 [internal function]: Illuminate\\View\\ViewServiceProvider->Illuminate\\View\\{closure}()
#9 /Users/kageyama/Desktop/bite/portfolio/vendor/laravel/framework/src/Illuminate/View/Engines/EngineResolver.php(55): call_user_func(Object(Closure))
#10 /Users/kageyama/Desktop/bite/portfolio/vendor/laravel/framework/src/Illuminate/View/Factory.php(309): Illuminate\\View\\Engines\\EngineResolver->resolve('blade')
#11 /Users/kageyama/Desktop/bite/portfolio/vendor/laravel/framework/src/Illuminate/View/Factory.php(273): Illuminate\\View\\Factory->getEngineFromPath('/Users/kageyama...')
#12 /Users/kageyama/Desktop/bite/portfolio/vendor/laravel/framework/src/Illuminate/View/Factory.php(145): Illuminate\\View\\Factory->viewInstance('errors::404', '/Users/kageyama...', Array)
#13 /Users/kageyama/Desktop/bite/portfolio/vendor/laravel/framework/src/Illuminate/Routing/ResponseFactory.php(87): Illuminate\\View\\Factory->make('errors::404', Array)
#14 /Users/kageyama/Desktop/bite/portfolio/vendor/laravel/framework/src/Illuminate/Foundation/Exceptions/Handler.php(590): Illuminate\\Routing\\ResponseFactory->view('errors::404', Array, 404, Array)
#15 /Users/kageyama/Desktop/bite/portfolio/vendor/laravel/framework/src/Illuminate/Foundation/Exceptions/Handler.php(515): Illuminate\\Foundation\\Exceptions\\Handler->renderHttpException(Object(Symfony\\Component\\HttpKernel\\Exception\\NotFoundHttpException))
#16 /Users/kageyama/Desktop/bite/portfolio/vendor/laravel/framework/src/Illuminate/Foundation/Exceptions/Handler.php(421): Illuminate\\Foundation\\Exceptions\\Handler->prepareResponse(Object(Illuminate\\Http\\Request), Object(Symfony\\Component\\HttpKernel\\Exception\\NotFoundHttpException))
#17 /Users/kageyama/Desktop/bite/portfolio/vendor/laravel/framework/src/Illuminate/Foundation/Exceptions/Handler.php(341): Illuminate\\Foundation\\Exceptions\\Handler->renderExceptionResponse(Object(Illuminate\\Http\\Request), Object(Symfony\\Component\\HttpKernel\\Exception\\NotFoundHttpException))
#18 /Users/kageyama/Desktop/bite/portfolio/vendor/laravel/framework/src/Illuminate/Routing/Pipeline.php(51): Illuminate\\Foundation\\Exceptions\\Handler->render(Object(Illuminate\\Http\\Request), Object(Symfony\\Component\\HttpKernel\\Exception\\NotFoundHttpException))
#19 /Users/kageyama/Desktop/bite/portfolio/vendor/laravel/framework/src/Illuminate/Pipeline/Pipeline.php(143): Illuminate\\Routing\\Pipeline->handleException(Object(Illuminate\\Http\\Request), Object(Symfony\\Component\\HttpKernel\\Exception\\NotFoundHttpException))
#20 /Users/kageyama/Desktop/bite/portfolio/vendor/laravel/framework/src/Illuminate/Foundation/Http/Middleware/TransformsRequest.php(21): Illuminate\\Pipeline\\Pipeline->Illuminate\\Pipeline\\{closure}(Object(Illuminate\\Http\\Request))
#21 /Users/kageyama/Desktop/bite/portfolio/vendor/laravel/framework/src/Illuminate/Foundation/Http/Middleware/ConvertEmptyStringsToNull.php(31): Illuminate\\Foundation\\Http\\Middleware\\TransformsRequest->handle(Object(Illuminate\\Http\\Request), Object(Closure))
#22 /Users/kageyama/Desktop/bite/portfolio/vendor/laravel/framework/src/Illuminate/Pipeline/Pipeline.php(180): Illuminate\\Foundation\\Http\\Middleware\\ConvertEmptyStringsToNull->handle(Object(Illuminate\\Http\\Request), Object(Closure))
#23 /Users/kageyama/Desktop/bite/portfolio/vendor/laravel/framework/src/Illuminate/Foundation/Http/Middleware/TransformsRequest.php(21): Illuminate\\Pipeline\\Pipeline->Illuminate\\Pipeline\\{closure}(Object(Illuminate\\Http\\Request))
#24 /Users/kageyama/Desktop/bite/portfolio/vendor/laravel/framework/src/Illuminate/Foundation/Http/Middleware/TrimStrings.php(40): Illuminate\\Foundation\\Http\\Middleware\\TransformsRequest->handle(Object(Illuminate\\Http\\Request), Object(Closure))
#25 /Users/kageyama/Desktop/bite/portfolio/vendor/laravel/framework/src/Illuminate/Pipeline/Pipeline.php(180): Illuminate\\Foundation\\Http\\Middleware\\TrimStrings->handle(Object(Illuminate\\Http\\Request), Object(Closure))
#26 /Users/kageyama/Desktop/bite/portfolio/vendor/laravel/framework/src/Illuminate/Foundation/Http/Middleware/ValidatePostSize.php(27): Illuminate\\Pipeline\\Pipeline->Illuminate\\Pipeline\\{closure}(Object(Illuminate\\Http\\Request))
#27 /Users/kageyama/Desktop/bite/portfolio/vendor/laravel/framework/src/Illuminate/Pipeline/Pipeline.php(180): Illuminate\\Foundation\\Http\\Middleware\\ValidatePostSize->handle(Object(Illuminate\\Http\\Request), Object(Closure))
#28 /Users/kageyama/Desktop/bite/portfolio/vendor/laravel/framework/src/Illuminate/Foundation/Http/Middleware/PreventRequestsDuringMaintenance.php(86): Illuminate\\Pipeline\\Pipeline->Illuminate\\Pipeline\\{closure}(Object(Illuminate\\Http\\Request))
#29 /Users/kageyama/Desktop/bite/portfolio/vendor/laravel/framework/src/Illuminate/Pipeline/Pipeline.php(180): Illuminate\\Foundation\\Http\\Middleware\\PreventRequestsDuringMaintenance->handle(Object(Illuminate\\Http\\Request), Object(Closure))
#30 /Users/kageyama/Desktop/bite/portfolio/vendor/laravel/framework/src/Illuminate/Http/Middleware/HandleCors.php(49): Illuminate\\Pipeline\\Pipeline->Illuminate\\Pipeline\\{closure}(Object(Illuminate\\Http\\Request))
#31 /Users/kageyama/Desktop/bite/portfolio/vendor/laravel/framework/src/Illuminate/Pipeline/Pipeline.php(180): Illuminate\\Http\\Middleware\\HandleCors->handle(Object(Illuminate\\Http\\Request), Object(Closure))
#32 /Users/kageyama/Desktop/bite/portfolio/vendor/laravel/framework/src/Illuminate/Http/Middleware/TrustProxies.php(39): Illuminate\\Pipeline\\Pipeline->Illuminate\\Pipeline\\{closure}(Object(Illuminate\\Http\\Request))
#33 /Users/kageyama/Desktop/bite/portfolio/vendor/laravel/framework/src/Illuminate/Pipeline/Pipeline.php(180): Illuminate\\Http\\Middleware\\TrustProxies->handle(Object(Illuminate\\Http\\Request), Object(Closure))
#34 /Users/kageyama/Desktop/bite/portfolio/vendor/laravel/framework/src/Illuminate/Pipeline/Pipeline.php(116): Illuminate\\Pipeline\\Pipeline->Illuminate\\Pipeline\\{closure}(Object(Illuminate\\Http\\Request))
#35 /Users/kageyama/Desktop/bite/portfolio/vendor/laravel/framework/src/Illuminate/Foundation/Http/Kernel.php(142): Illuminate\\Pipeline\\Pipeline->then(Object(Closure))
#36 /Users/kageyama/Desktop/bite/portfolio/vendor/laravel/framework/src/Illuminate/Foundation/Http/Kernel.php(111): Illuminate\\Foundation\\Http\\Kernel->sendRequestThroughRouter(Object(Illuminate\\Http\\Request))
#37 /Users/kageyama/Desktop/bite/portfolio/public/index.php(52): Illuminate\\Foundation\\Http\\Kernel->handle(Object(Illuminate\\Http\\Request))
#38 /Users/kageyama/Desktop/bite/portfolio/vendor/laravel/framework/src/Illuminate/Foundation/resources/server.php(16): require_once('/Users/kageyama...')
#39 {main}
"} 
[2022-04-12 14:40:34] local.ERROR: Please provide a valid cache path. {"exception":"[object] (InvalidArgumentException(code: 0): Please provide a valid cache path. at /Users/kageyama/Desktop/bite/portfolio/vendor/laravel/framework/src/Illuminate/View/Compilers/Compiler.php:45)
[stacktrace]
#0 /Users/kageyama/Desktop/bite/portfolio/vendor/laravel/framework/src/Illuminate/View/ViewServiceProvider.php(91): Illuminate\\View\\Compilers\\Compiler->__construct(Object(Illuminate\\Filesystem\\Filesystem), false, '')
#1 /Users/kageyama/Desktop/bite/portfolio/vendor/laravel/framework/src/Illuminate/Container/Container.php(873): Illuminate\\View\\ViewServiceProvider->Illuminate\\View\\{closure}(Object(Illuminate\\Foundation\\Application), Array)
#2 /Users/kageyama/Desktop/bite/portfolio/vendor/laravel/framework/src/Illuminate/Container/Container.php(758): Illuminate\\Container\\Container->build(Object(Closure))
#3 /Users/kageyama/Desktop/bite/portfolio/vendor/laravel/framework/src/Illuminate/Foundation/Application.php(855): Illuminate\\Container\\Container->resolve('blade.compiler', Array, true)
#4 /Users/kageyama/Desktop/bite/portfolio/vendor/laravel/framework/src/Illuminate/Container/Container.php(694): Illuminate\\Foundation\\Application->resolve('blade.compiler', Array)
#5 /Users/kageyama/Desktop/bite/portfolio/vendor/laravel/framework/src/Illuminate/Foundation/Application.php(840): Illuminate\\Container\\Container->make('blade.compiler', Array)
#6 /Users/kageyama/Desktop/bite/portfolio/vendor/laravel/framework/src/Illuminate/Container/Container.php(1417): Illuminate\\Foundation\\Application->make('blade.compiler')
#7 /Users/kageyama/Desktop/bite/portfolio/vendor/laravel/framework/src/Illuminate/View/ViewServiceProvider.php(154): Illuminate\\Container\\Container->offsetGet('blade.compiler')
#8 [internal function]: Illuminate\\View\\ViewServiceProvider->Illuminate\\View\\{closure}()
#9 /Users/kageyama/Desktop/bite/portfolio/vendor/laravel/framework/src/Illuminate/View/Engines/EngineResolver.php(55): call_user_func(Object(Closure))
#10 /Users/kageyama/Desktop/bite/portfolio/vendor/laravel/framework/src/Illuminate/View/Factory.php(309): Illuminate\\View\\Engines\\EngineResolver->resolve('blade')
#11 /Users/kageyama/Desktop/bite/portfolio/vendor/laravel/framework/src/Illuminate/View/Factory.php(273): Illuminate\\View\\Factory->getEngineFromPath('/Users/kageyama...')
#12 /Users/kageyama/Desktop/bite/portfolio/vendor/laravel/framework/src/Illuminate/View/Factory.php(145): Illuminate\\View\\Factory->viewInstance('errors::404', '/Users/kageyama...', Array)
#13 /Users/kageyama/Desktop/bite/portfolio/vendor/laravel/framework/src/Illuminate/Routing/ResponseFactory.php(87): Illuminate\\View\\Factory->make('errors::404', Array)
#14 /Users/kageyama/Desktop/bite/portfolio/vendor/laravel/framework/src/Illuminate/Foundation/Exceptions/Handler.php(590): Illuminate\\Routing\\ResponseFactory->view('errors::404', Array, 404, Array)
#15 /Users/kageyama/Desktop/bite/portfolio/vendor/laravel/framework/src/Illuminate/Foundation/Exceptions/Handler.php(515): Illuminate\\Foundation\\Exceptions\\Handler->renderHttpException(Object(Symfony\\Component\\HttpKernel\\Exception\\NotFoundHttpException))
#16 /Users/kageyama/Desktop/bite/portfolio/vendor/laravel/framework/src/Illuminate/Foundation/Exceptions/Handler.php(421): Illuminate\\Foundation\\Exceptions\\Handler->prepareResponse(Object(Illuminate\\Http\\Request), Object(Symfony\\Component\\HttpKernel\\Exception\\NotFoundHttpException))
#17 /Users/kageyama/Desktop/bite/portfolio/vendor/laravel/framework/src/Illuminate/Foundation/Exceptions/Handler.php(341): Illuminate\\Foundation\\Exceptions\\Handler->renderExceptionResponse(Object(Illuminate\\Http\\Request), Object(Symfony\\Component\\HttpKernel\\Exception\\NotFoundHttpException))
#18 /Users/kageyama/Desktop/bite/portfolio/vendor/laravel/framework/src/Illuminate/Routing/Pipeline.php(51): Illuminate\\Foundation\\Exceptions\\Handler->render(Object(Illuminate\\Http\\Request), Object(Symfony\\Component\\HttpKernel\\Exception\\NotFoundHttpException))
#19 /Users/kageyama/Desktop/bite/portfolio/vendor/laravel/framework/src/Illuminate/Pipeline/Pipeline.php(143): Illuminate\\Routing\\Pipeline->handleException(Object(Illuminate\\Http\\Request), Object(Symfony\\Component\\HttpKernel\\Exception\\NotFoundHttpException))
#20 /Users/kageyama/Desktop/bite/portfolio/vendor/laravel/framework/src/Illuminate/Foundation/Http/Middleware/TransformsRequest.php(21): Illuminate\\Pipeline\\Pipeline->Illuminate\\Pipeline\\{closure}(Object(Illuminate\\Http\\Request))
#21 /Users/kageyama/Desktop/bite/portfolio/vendor/laravel/framework/src/Illuminate/Foundation/Http/Middleware/ConvertEmptyStringsToNull.php(31): Illuminate\\Foundation\\Http\\Middleware\\TransformsRequest->handle(Object(Illuminate\\Http\\Request), Object(Closure))
#22 /Users/kageyama/Desktop/bite/portfolio/vendor/laravel/framework/src/Illuminate/Pipeline/Pipeline.php(180): Illuminate\\Foundation\\Http\\Middleware\\ConvertEmptyStringsToNull->handle(Object(Illuminate\\Http\\Request), Object(Closure))
#23 /Users/kageyama/Desktop/bite/portfolio/vendor/laravel/framework/src/Illuminate/Foundation/Http/Middleware/TransformsRequest.php(21): Illuminate\\Pipeline\\Pipeline->Illuminate\\Pipeline\\{closure}(Object(Illuminate\\Http\\Request))
#24 /Users/kageyama/Desktop/bite/portfolio/vendor/laravel/framework/src/Illuminate/Foundation/Http/Middleware/TrimStrings.php(40): Illuminate\\Foundation\\Http\\Middleware\\TransformsRequest->handle(Object(Illuminate\\Http\\Request), Object(Closure))
#25 /Users/kageyama/Desktop/bite/portfolio/vendor/laravel/framework/src/Illuminate/Pipeline/Pipeline.php(180): Illuminate\\Foundation\\Http\\Middleware\\TrimStrings->handle(Object(Illuminate\\Http\\Request), Object(Closure))
#26 /Users/kageyama/Desktop/bite/portfolio/vendor/laravel/framework/src/Illuminate/Foundation/Http/Middleware/ValidatePostSize.php(27): Illuminate\\Pipeline\\Pipeline->Illuminate\\Pipeline\\{closure}(Object(Illuminate\\Http\\Request))
#27 /Users/kageyama/Desktop/bite/portfolio/vendor/laravel/framework/src/Illuminate/Pipeline/Pipeline.php(180): Illuminate\\Foundation\\Http\\Middleware\\ValidatePostSize->handle(Object(Illuminate\\Http\\Request), Object(Closure))
#28 /Users/kageyama/Desktop/bite/portfolio/vendor/laravel/framework/src/Illuminate/Foundation/Http/Middleware/PreventRequestsDuringMaintenance.php(86): Illuminate\\Pipeline\\Pipeline->Illuminate\\Pipeline\\{closure}(Object(Illuminate\\Http\\Request))
#29 /Users/kageyama/Desktop/bite/portfolio/vendor/laravel/framework/src/Illuminate/Pipeline/Pipeline.php(180): Illuminate\\Foundation\\Http\\Middleware\\PreventRequestsDuringMaintenance->handle(Object(Illuminate\\Http\\Request), Object(Closure))
#30 /Users/kageyama/Desktop/bite/portfolio/vendor/laravel/framework/src/Illuminate/Http/Middleware/HandleCors.php(49): Illuminate\\Pipeline\\Pipeline->Illuminate\\Pipeline\\{closure}(Object(Illuminate\\Http\\Request))
#31 /Users/kageyama/Desktop/bite/portfolio/vendor/laravel/framework/src/Illuminate/Pipeline/Pipeline.php(180): Illuminate\\Http\\Middleware\\HandleCors->handle(Object(Illuminate\\Http\\Request), Object(Closure))
#32 /Users/kageyama/Desktop/bite/portfolio/vendor/laravel/framework/src/Illuminate/Http/Middleware/TrustProxies.php(39): Illuminate\\Pipeline\\Pipeline->Illuminate\\Pipeline\\{closure}(Object(Illuminate\\Http\\Request))
#33 /Users/kageyama/Desktop/bite/portfolio/vendor/laravel/framework/src/Illuminate/Pipeline/Pipeline.php(180): Illuminate\\Http\\Middleware\\TrustProxies->handle(Object(Illuminate\\Http\\Request), Object(Closure))
#34 /Users/kageyama/Desktop/bite/portfolio/vendor/laravel/framework/src/Illuminate/Pipeline/Pipeline.php(116): Illuminate\\Pipeline\\Pipeline->Illuminate\\Pipeline\\{closure}(Object(Illuminate\\Http\\Request))
#35 /Users/kageyama/Desktop/bite/portfolio/vendor/laravel/framework/src/Illuminate/Foundation/Http/Kernel.php(142): Illuminate\\Pipeline\\Pipeline->then(Object(Closure))
#36 /Users/kageyama/Desktop/bite/portfolio/vendor/laravel/framework/src/Illuminate/Foundation/Http/Kernel.php(111): Illuminate\\Foundation\\Http\\Kernel->sendRequestThroughRouter(Object(Illuminate\\Http\\Request))
#37 /Users/kageyama/Desktop/bite/portfolio/public/index.php(52): Illuminate\\Foundation\\Http\\Kernel->handle(Object(Illuminate\\Http\\Request))
#38 /Users/kageyama/Desktop/bite/portfolio/vendor/laravel/framework/src/Illuminate/Foundation/resources/server.php(16): require_once('/Users/kageyama...')
#39 {main}
"} 
[2022-04-12 14:40:36] local.ERROR: file_put_contents(/Users/kageyama/Desktop/bite/portfolio/storage/framework/sessions/jHHCtxczuzaWja00tx6Ww5ZkgvscwPqGYF9VuiU2): Failed to open stream: No such file or directory {"exception":"[object] (ErrorException(code: 0): file_put_contents(/Users/kageyama/Desktop/bite/portfolio/storage/framework/sessions/jHHCtxczuzaWja00tx6Ww5ZkgvscwPqGYF9VuiU2): Failed to open stream: No such file or directory at /Users/kageyama/Desktop/bite/portfolio/vendor/laravel/framework/src/Illuminate/Filesystem/Filesystem.php:187)
[stacktrace]
#0 /Users/kageyama/Desktop/bite/portfolio/vendor/laravel/framework/src/Illuminate/Foundation/Bootstrap/HandleExceptions.php(231): Illuminate\\Foundation\\Bootstrap\\HandleExceptions->handleError(2, 'file_put_conten...', '/Users/kageyama...', 187)
#1 [internal function]: Illuminate\\Foundation\\Bootstrap\\HandleExceptions->Illuminate\\Foundation\\Bootstrap\\{closure}(2, 'file_put_conten...', '/Users/kageyama...', 187)
#2 /Users/kageyama/Desktop/bite/portfolio/vendor/laravel/framework/src/Illuminate/Filesystem/Filesystem.php(187): file_put_contents('/Users/kageyama...', 'a:4:{s:6:\"_toke...', 2)
#3 /Users/kageyama/Desktop/bite/portfolio/vendor/laravel/framework/src/Illuminate/Session/FileSessionHandler.php(90): Illuminate\\Filesystem\\Filesystem->put('/Users/kageyama...', 'a:4:{s:6:\"_toke...', true)
#4 /Users/kageyama/Desktop/bite/portfolio/vendor/laravel/framework/src/Illuminate/Session/Store.php(142): Illuminate\\Session\\FileSessionHandler->write('jHHCtxczuzaWja0...', 'a:4:{s:6:\"_toke...')
#5 /Users/kageyama/Desktop/bite/portfolio/vendor/laravel/framework/src/Illuminate/Session/Middleware/StartSession.php(236): Illuminate\\Session\\Store->save()
#6 /Users/kageyama/Desktop/bite/portfolio/vendor/laravel/framework/src/Illuminate/Session/Middleware/StartSession.php(130): Illuminate\\Session\\Middleware\\StartSession->saveSession(Object(Illuminate\\Http\\Request))
#7 /Users/kageyama/Desktop/bite/portfolio/vendor/laravel/framework/src/Illuminate/Session/Middleware/StartSession.php(64): Illuminate\\Session\\Middleware\\StartSession->handleStatefulRequest(Object(Illuminate\\Http\\Request), Object(Illuminate\\Session\\Store), Object(Closure))
#8 /Users/kageyama/Desktop/bite/portfolio/vendor/laravel/framework/src/Illuminate/Pipeline/Pipeline.php(180): Illuminate\\Session\\Middleware\\StartSession->handle(Object(Illuminate\\Http\\Request), Object(Closure))
#9 /Users/kageyama/Desktop/bite/portfolio/vendor/laravel/framework/src/Illuminate/Cookie/Middleware/AddQueuedCookiesToResponse.php(37): Illuminate\\Pipeline\\Pipeline->Illuminate\\Pipeline\\{closure}(Object(Illuminate\\Http\\Request))
#10 /Users/kageyama/Desktop/bite/portfolio/vendor/laravel/framework/src/Illuminate/Pipeline/Pipeline.php(180): Illuminate\\Cookie\\Middleware\\AddQueuedCookiesToResponse->handle(Object(Illuminate\\Http\\Request), Object(Closure))
#11 /Users/kageyama/Desktop/bite/portfolio/vendor/laravel/framework/src/Illuminate/Cookie/Middleware/EncryptCookies.php(67): Illuminate\\Pipeline\\Pipeline->Illuminate\\Pipeline\\{closure}(Object(Illuminate\\Http\\Request))
#12 /Users/kageyama/Desktop/bite/portfolio/vendor/laravel/framework/src/Illuminate/Pipeline/Pipeline.php(180): Illuminate\\Cookie\\Middleware\\EncryptCookies->handle(Object(Illuminate\\Http\\Request), Object(Closure))
#13 /Users/kageyama/Desktop/bite/portfolio/vendor/laravel/framework/src/Illuminate/Pipeline/Pipeline.php(116): Illuminate\\Pipeline\\Pipeline->Illuminate\\Pipeline\\{closure}(Object(Illuminate\\Http\\Request))
#14 /Users/kageyama/Desktop/bite/portfolio/vendor/laravel/framework/src/Illuminate/Routing/Router.php(730): Illuminate\\Pipeline\\Pipeline->then(Object(Closure))
#15 /Users/kageyama/Desktop/bite/portfolio/vendor/laravel/framework/src/Illuminate/Routing/Router.php(705): Illuminate\\Routing\\Router->runRouteWithinStack(Object(Illuminate\\Routing\\Route), Object(Illuminate\\Http\\Request))
#16 /Users/kageyama/Desktop/bite/portfolio/vendor/laravel/framework/src/Illuminate/Routing/Router.php(667): Illuminate\\Routing\\Router->runRoute(Object(Illuminate\\Http\\Request), Object(Illuminate\\Routing\\Route))
#17 /Users/kageyama/Desktop/bite/portfolio/vendor/laravel/framework/src/Illuminate/Routing/Router.php(656): Illuminate\\Routing\\Router->dispatchToRoute(Object(Illuminate\\Http\\Request))
#18 /Users/kageyama/Desktop/bite/portfolio/vendor/laravel/framework/src/Illuminate/Foundation/Http/Kernel.php(167): Illuminate\\Routing\\Router->dispatch(Object(Illuminate\\Http\\Request))
#19 /Users/kageyama/Desktop/bite/portfolio/vendor/laravel/framework/src/Illuminate/Pipeline/Pipeline.php(141): Illuminate\\Foundation\\Http\\Kernel->Illuminate\\Foundation\\Http\\{closure}(Object(Illuminate\\Http\\Request))
#20 /Users/kageyama/Desktop/bite/portfolio/vendor/laravel/framework/src/Illuminate/Foundation/Http/Middleware/TransformsRequest.php(21): Illuminate\\Pipeline\\Pipeline->Illuminate\\Pipeline\\{closure}(Object(Illuminate\\Http\\Request))
#21 /Users/kageyama/Desktop/bite/portfolio/vendor/laravel/framework/src/Illuminate/Foundation/Http/Middleware/ConvertEmptyStringsToNull.php(31): Illuminate\\Foundation\\Http\\Middleware\\TransformsRequest->handle(Object(Illuminate\\Http\\Request), Object(Closure))
#22 /Users/kageyama/Desktop/bite/portfolio/vendor/laravel/framework/src/Illuminate/Pipeline/Pipeline.php(180): Illuminate\\Foundation\\Http\\Middleware\\ConvertEmptyStringsToNull->handle(Object(Illuminate\\Http\\Request), Object(Closure))
#23 /Users/kageyama/Desktop/bite/portfolio/vendor/laravel/framework/src/Illuminate/Foundation/Http/Middleware/TransformsRequest.php(21): Illuminate\\Pipeline\\Pipeline->Illuminate\\Pipeline\\{closure}(Object(Illuminate\\Http\\Request))
#24 /Users/kageyama/Desktop/bite/portfolio/vendor/laravel/framework/src/Illuminate/Foundation/Http/Middleware/TrimStrings.php(40): Illuminate\\Foundation\\Http\\Middleware\\TransformsRequest->handle(Object(Illuminate\\Http\\Request), Object(Closure))
#25 /Users/kageyama/Desktop/bite/portfolio/vendor/laravel/framework/src/Illuminate/Pipeline/Pipeline.php(180): Illuminate\\Foundation\\Http\\Middleware\\TrimStrings->handle(Object(Illuminate\\Http\\Request), Object(Closure))
#26 /Users/kageyama/Desktop/bite/portfolio/vendor/laravel/framework/src/Illuminate/Foundation/Http/Middleware/ValidatePostSize.php(27): Illuminate\\Pipeline\\Pipeline->Illuminate\\Pipeline\\{closure}(Object(Illuminate\\Http\\Request))
#27 /Users/kageyama/Desktop/bite/portfolio/vendor/laravel/framework/src/Illuminate/Pipeline/Pipeline.php(180): Illuminate\\Foundation\\Http\\Middleware\\ValidatePostSize->handle(Object(Illuminate\\Http\\Request), Object(Closure))
#28 /Users/kageyama/Desktop/bite/portfolio/vendor/laravel/framework/src/Illuminate/Foundation/Http/Middleware/PreventRequestsDuringMaintenance.php(86): Illuminate\\Pipeline\\Pipeline->Illuminate\\Pipeline\\{closure}(Object(Illuminate\\Http\\Request))
#29 /Users/kageyama/Desktop/bite/portfolio/vendor/laravel/framework/src/Illuminate/Pipeline/Pipeline.php(180): Illuminate\\Foundation\\Http\\Middleware\\PreventRequestsDuringMaintenance->handle(Object(Illuminate\\Http\\Request), Object(Closure))
#30 /Users/kageyama/Desktop/bite/portfolio/vendor/laravel/framework/src/Illuminate/Http/Middleware/HandleCors.php(49): Illuminate\\Pipeline\\Pipeline->Illuminate\\Pipeline\\{closure}(Object(Illuminate\\Http\\Request))
#31 /Users/kageyama/Desktop/bite/portfolio/vendor/laravel/framework/src/Illuminate/Pipeline/Pipeline.php(180): Illuminate\\Http\\Middleware\\HandleCors->handle(Object(Illuminate\\Http\\Request), Object(Closure))
#32 /Users/kageyama/Desktop/bite/portfolio/vendor/laravel/framework/src/Illuminate/Http/Middleware/TrustProxies.php(39): Illuminate\\Pipeline\\Pipeline->Illuminate\\Pipeline\\{closure}(Object(Illuminate\\Http\\Request))
#33 /Users/kageyama/Desktop/bite/portfolio/vendor/laravel/framework/src/Illuminate/Pipeline/Pipeline.php(180): Illuminate\\Http\\Middleware\\TrustProxies->handle(Object(Illuminate\\Http\\Request), Object(Closure))
#34 /Users/kageyama/Desktop/bite/portfolio/vendor/laravel/framework/src/Illuminate/Pipeline/Pipeline.php(116): Illuminate\\Pipeline\\Pipeline->Illuminate\\Pipeline\\{closure}(Object(Illuminate\\Http\\Request))
#35 /Users/kageyama/Desktop/bite/portfolio/vendor/laravel/framework/src/Illuminate/Foundation/Http/Kernel.php(142): Illuminate\\Pipeline\\Pipeline->then(Object(Closure))
#36 /Users/kageyama/Desktop/bite/portfolio/vendor/laravel/framework/src/Illuminate/Foundation/Http/Kernel.php(111): Illuminate\\Foundation\\Http\\Kernel->sendRequestThroughRouter(Object(Illuminate\\Http\\Request))
#37 /Users/kageyama/Desktop/bite/portfolio/public/index.php(52): Illuminate\\Foundation\\Http\\Kernel->handle(Object(Illuminate\\Http\\Request))
#38 /Users/kageyama/Desktop/bite/portfolio/vendor/laravel/framework/src/Illuminate/Foundation/resources/server.php(16): require_once('/Users/kageyama...')
#39 {main}
"} 
